<?xml version="1.0" encoding="UTF-8"?>
<testsuite xmlns:xsi="http://www.w3.org/2001/XMLSchema-instance" xsi:noNamespaceSchemaLocation="https://maven.apache.org/surefire/maven-surefire-plugin/xsd/surefire-test-report-3.0.xsd" version="3.0" name="GraphTest" time="0.119" tests="4" errors="0" skipped="0" failures="0">
  <properties>
[...]
</properties>
  <testcase name="testAddNode" classname="GraphTest" time="0.051"/>
  <testcase name="testGetNeighborsNonExistentNode" classname="GraphTest" time="0.006"/>
  <testcase name="testRemoveNode" classname="GraphTest" time="0.002"/>
  <testcase name="testRemoveNonExistentNode" classname="GraphTest" time="0.002"/>
</testsuite>